2019-01-21 11:09:58,709 [INFO] [main] cn.bobo.fast.ApiApplication [StartupInfoLogger.java : 50] Starting ApiApplication on USER-20181016ML with PID 8604 (C:\task\12_17\cardCheck\cardmouth-check\MRH-api\target\classes started by Administrator in C:\task\12_17\cardCheck\cardmouth-check)
2019-01-21 11:09:58,763 [DEBUG] [main] cn.bobo.fast.ApiApplication [StartupInfoLogger.java : 53] Running with Spring Boot v2.0.1.RELEASE, Spring v5.0.5.RELEASE
2019-01-21 11:09:58,777 [INFO] [main] cn.bobo.fast.ApiApplication [SpringApplication.java : 663] The following profiles are active: dev
2019-01-21 11:09:58,941 [INFO] [main] o.s.b.w.s.c.AnnotationConfigServletWebServerApplicationContext [AbstractApplicationContext.java : 590] Refreshing org.springframework.boot.web.servlet.context.AnnotationConfigServletWebServerApplicationContext@4961f6af: startup date [Mon Jan 21 11:09:58 CST 2019]; root of context hierarchy
2019-01-21 11:10:01,936 [INFO] [main] o.s.data.repository.config.RepositoryConfigurationDelegate [RepositoryConfigurationDelegate.java : 163] Multiple Spring Data modules found, entering strict repository configuration mode!
2019-01-21 11:10:03,009 [INFO] [main] o.s.c.s.PostProcessorRegistrationDelegate$BeanPostProcessorChecker [PostProcessorRegistrationDelegate.java : 328] Bean 'org.springframework.transaction.annotation.ProxyTransactionManagementConfiguration' of type [org.springframework.transaction.annotation.ProxyTransactionManagementConfiguration$$EnhancerBySpringCGLIB$$532048c] is not eligible for getting processed by all BeanPostProcessors (for example: not eligible for auto-proxying)
2019-01-21 11:10:04,595 [INFO] [main] org.springframework.boot.web.embedded.tomcat.TomcatWebServer [TomcatWebServer.java : 91] Tomcat initialized with port(s): 8081 (http)
2019-01-21 11:10:04,643 [INFO] [main] org.apache.catalina.core.StandardService [DirectJDKLog.java : 180] Starting service [Tomcat]
2019-01-21 11:10:04,644 [INFO] [main] org.apache.catalina.core.StandardEngine [DirectJDKLog.java : 180] Starting Servlet Engine: Apache Tomcat/8.5.29
2019-01-21 11:10:04,652 [INFO] [localhost-startStop-1] org.apache.catalina.core.AprLifecycleListener [DirectJDKLog.java : 180] The APR based Apache Tomcat Native library which allows optimal performance in production environments was not found on the java.library.path: [C:\Program Files\jdk8\jdk1.8.0_181\bin;C:\Windows\Sun\Java\bin;C:\Windows\system32;C:\Windows;G:\app\Administrator\product\11.2.0\dbhome_1\bin;C:\WINDOWS\system32;C:\WINDOWS;C:\WINDOWS\System32\Wbem;C:\WINDOWS\System32\WindowsPowerShell\v1.0\;C:\Program Files (x86)\NVIDIA Corporation\PhysX\Common;C:\Windows\system32;C:\Windows;C:\Windows\System32\Wbem;C:\Windows\System32\WindowsPowerShell\v1.0\;C:\Windows\System32\OpenSSH\;C:\Program Files\jdk8\jdk1.8.0_181\bin;C:\Program Files\jdk8\jdk1.8.0_181\jre\bin;C:\Program Files\MySQL5.7\mysql-5.7.23-winx64\mysql-5.7.23-winx64\bin;C:\Program Files\maven3\apache-maven-3.0.5-bin\apache-maven-3.0.5\bin;C:\Program Files\Apache Software Foundation\Tomcat 8.0\bin;C:\Program Files\Vue\install\;D:\Program Files\Git\install\Git\cmd;C:\Program Files\TortoiseSVN\bin;%DERBY_HOME%\bin    ;C:\Users\Administrator\AppData\Roaming\npm;.]
2019-01-21 11:10:04,964 [INFO] [localhost-startStop-1] o.a.c.core.ContainerBase.[Tomcat].[localhost].[/MRH-api] [DirectJDKLog.java : 180] Initializing Spring embedded WebApplicationContext
2019-01-21 11:10:04,965 [INFO] [localhost-startStop-1] org.springframework.web.context.ContextLoader [ServletWebServerApplicationContext.java : 285] Root WebApplicationContext: initialization completed in 6025 ms
2019-01-21 11:10:05,408 [INFO] [localhost-startStop-1] org.springframework.boot.web.servlet.FilterRegistrationBean [AbstractFilterRegistrationBean.java : 244] Mapping filter: 'characterEncodingFilter' to: [/*]
2019-01-21 11:10:05,409 [INFO] [localhost-startStop-1] org.springframework.boot.web.servlet.FilterRegistrationBean [AbstractFilterRegistrationBean.java : 244] Mapping filter: 'hiddenHttpMethodFilter' to: [/*]
2019-01-21 11:10:05,410 [INFO] [localhost-startStop-1] org.springframework.boot.web.servlet.FilterRegistrationBean [AbstractFilterRegistrationBean.java : 244] Mapping filter: 'httpPutFormContentFilter' to: [/*]
2019-01-21 11:10:05,410 [INFO] [localhost-startStop-1] org.springframework.boot.web.servlet.FilterRegistrationBean [AbstractFilterRegistrationBean.java : 244] Mapping filter: 'requestContextFilter' to: [/*]
2019-01-21 11:10:05,410 [INFO] [localhost-startStop-1] org.springframework.boot.web.servlet.FilterRegistrationBean [AbstractFilterRegistrationBean.java : 257] Mapping filter: 'xssFilter' to urls: [/*]
2019-01-21 11:10:05,411 [INFO] [localhost-startStop-1] org.springframework.boot.web.servlet.FilterRegistrationBean [AbstractFilterRegistrationBean.java : 257] Mapping filter: 'webStatFilter' to urls: [/*]
2019-01-21 11:10:05,411 [INFO] [localhost-startStop-1] org.springframework.boot.web.servlet.ServletRegistrationBean [ServletRegistrationBean.java : 185] Servlet dispatcherServlet mapped to [/]
2019-01-21 11:10:05,413 [INFO] [localhost-startStop-1] org.springframework.boot.web.servlet.ServletRegistrationBean [ServletRegistrationBean.java : 185] Servlet statViewServlet mapped to [/druid/*]
2019-01-21 11:10:05,706 [INFO] [main] c.a.d.spring.boot.autoconfigure.DruidDataSourceAutoConfigure [DruidDataSourceAutoConfigure.java : 56] Init DruidDataSource
2019-01-21 11:10:06,417 [INFO] [main] com.alibaba.druid.pool.DruidDataSource [DruidDataSource.java : 928] {dataSource-1} inited
2019-01-21 11:10:06,697 [WARN] [main] com.baomidou.mybatisplus.toolkit.TableInfoHelper [TableInfoHelper.java : 188] Warn: Could not find @TableId in Class: cn.bobo.fast.entity.BaseExchange.
2019-01-21 11:10:06,697 [WARN] [main] com.baomidou.mybatisplus.mapper.AutoSqlInjector [AutoSqlInjector.java : 147] class cn.bobo.fast.entity.BaseExchange ,Not found @TableId annotation, Cannot use Mybatis-Plus 'xxById' Method.
2019-01-21 11:10:06,779 [WARN] [main] com.baomidou.mybatisplus.toolkit.TableInfoHelper [TableInfoHelper.java : 188] Warn: Could not find @TableId in Class: cn.bobo.fast.entity.BaseOrder.
2019-01-21 11:10:06,780 [WARN] [main] com.baomidou.mybatisplus.mapper.AutoSqlInjector [AutoSqlInjector.java : 147] class cn.bobo.fast.entity.BaseOrder ,Not found @TableId annotation, Cannot use Mybatis-Plus 'xxById' Method.
2019-01-21 11:10:06,836 [WARN] [main] com.baomidou.mybatisplus.toolkit.TableInfoHelper [TableInfoHelper.java : 188] Warn: Could not find @TableId in Class: cn.bobo.fast.entity.BaseProduct.
2019-01-21 11:10:06,836 [WARN] [main] com.baomidou.mybatisplus.mapper.AutoSqlInjector [AutoSqlInjector.java : 147] class cn.bobo.fast.entity.BaseProduct ,Not found @TableId annotation, Cannot use Mybatis-Plus 'xxById' Method.
2019-01-21 11:10:08,331 [INFO] [main] o.s.w.s.mvc.method.annotation.RequestMappingHandlerMapping [AbstractHandlerMethodMapping.java : 547] Mapped "{[/api/login],methods=[POST]}" onto public cn.bobo.fast.common.utils.R cn.bobo.fast.controller.ApiLoginController.login(cn.bobo.fast.form.LoginForm)
2019-01-21 11:10:08,333 [INFO] [main] o.s.w.s.mvc.method.annotation.RequestMappingHandlerMapping [AbstractHandlerMethodMapping.java : 547] Mapped "{[/api/logout],methods=[POST]}" onto public cn.bobo.fast.common.utils.R cn.bobo.fast.controller.ApiLoginController.logout(long)
2019-01-21 11:10:08,335 [INFO] [main] o.s.w.s.mvc.method.annotation.RequestMappingHandlerMapping [AbstractHandlerMethodMapping.java : 547] Mapped "{[/api/register],methods=[POST]}" onto public cn.bobo.fast.common.utils.R cn.bobo.fast.controller.ApiRegisterController.register(cn.bobo.fast.form.RegisterForm)
2019-01-21 11:10:08,339 [INFO] [main] o.s.w.s.mvc.method.annotation.RequestMappingHandlerMapping [AbstractHandlerMethodMapping.java : 547] Mapped "{[/api/userId],methods=[GET]}" onto public cn.bobo.fast.common.utils.R cn.bobo.fast.controller.ApiTestController.userInfo(java.lang.Integer)
2019-01-21 11:10:08,340 [INFO] [main] o.s.w.s.mvc.method.annotation.RequestMappingHandlerMapping [AbstractHandlerMethodMapping.java : 547] Mapped "{[/api/userInfo],methods=[GET]}" onto public cn.bobo.fast.common.utils.R cn.bobo.fast.controller.ApiTestController.userInfo(cn.bobo.fast.entity.UserEntity)
2019-01-21 11:10:08,341 [INFO] [main] o.s.w.s.mvc.method.annotation.RequestMappingHandlerMapping [AbstractHandlerMethodMapping.java : 547] Mapped "{[/api/notToken],methods=[GET]}" onto public cn.bobo.fast.common.utils.R cn.bobo.fast.controller.ApiTestController.notToken()
2019-01-21 11:10:08,345 [INFO] [main] o.s.w.s.mvc.method.annotation.RequestMappingHandlerMapping [AbstractHandlerMethodMapping.java : 547] Mapped "{[/baseExchange/getExchangeListByGuid],methods=[POST]}" onto public cn.bobo.fast.common.utils.R cn.bobo.fast.controller.BaseExchangeController.getExchangeList(java.lang.String)
2019-01-21 11:10:08,346 [INFO] [main] o.s.w.s.mvc.method.annotation.RequestMappingHandlerMapping [AbstractHandlerMethodMapping.java : 547] Mapped "{[/baseExchange/addExchange],methods=[POST]}" onto public cn.bobo.fast.common.utils.R cn.bobo.fast.controller.BaseExchangeController.addExchange(java.lang.String,java.lang.String,java.lang.String,java.lang.String,java.lang.String,java.lang.String,java.lang.Integer,java.lang.String,java.lang.String,java.lang.String,java.lang.String,java.lang.String)
2019-01-21 11:10:08,347 [INFO] [main] o.s.w.s.mvc.method.annotation.RequestMappingHandlerMapping [AbstractHandlerMethodMapping.java : 547] Mapped "{[/baseExchange/deleteExchange],methods=[POST]}" onto public cn.bobo.fast.common.utils.R cn.bobo.fast.controller.BaseExchangeController.deleteExchange(java.lang.String[])
2019-01-21 11:10:08,348 [INFO] [main] o.s.w.s.mvc.method.annotation.RequestMappingHandlerMapping [AbstractHandlerMethodMapping.java : 547] Mapped "{[/baseExchange/queryPage],methods=[POST]}" onto public cn.bobo.fast.common.utils.R cn.bobo.fast.controller.BaseExchangeController.queryPage(java.lang.Integer,java.lang.Integer)
2019-01-21 11:10:08,349 [INFO] [main] o.s.w.s.mvc.method.annotation.RequestMappingHandlerMapping [AbstractHandlerMethodMapping.java : 547] Mapped "{[/baseExchange/getExProductListByGuid],methods=[POST]}" onto public cn.bobo.fast.common.utils.R cn.bobo.fast.controller.BaseExchangeController.getProductInfoByGuid(java.lang.String)
2019-01-21 11:10:08,353 [INFO] [main] o.s.w.s.mvc.method.annotation.RequestMappingHandlerMapping [AbstractHandlerMethodMapping.java : 547] Mapped "{[/baseOrder/getOrderList],methods=[POST]}" onto public cn.bobo.fast.common.utils.R cn.bobo.fast.controller.BaseOrderController.queryPage(java.lang.Integer,java.lang.Integer)
2019-01-21 11:10:08,355 [INFO] [main] o.s.w.s.mvc.method.annotation.RequestMappingHandlerMapping [AbstractHandlerMethodMapping.java : 547] Mapped "{[/baseOrder/getListByOrderNo],methods=[POST]}" onto public cn.bobo.fast.common.utils.R cn.bobo.fast.controller.BaseOrderController.getListByOrderNo(java.lang.String)
2019-01-21 11:10:08,357 [INFO] [main] o.s.w.s.mvc.method.annotation.RequestMappingHandlerMapping [AbstractHandlerMethodMapping.java : 547] Mapped "{[/baseOrder/addOrder],methods=[POST]}" onto public cn.bobo.fast.common.utils.R cn.bobo.fast.controller.BaseOrderController.addOrder(cn.bobo.fast.entity.BaseOrder)
2019-01-21 11:10:08,358 [INFO] [main] o.s.w.s.mvc.method.annotation.RequestMappingHandlerMapping [AbstractHandlerMethodMapping.java : 547] Mapped "{[/baseOrder/selectProductByOrderNo],methods=[POST]}" onto public cn.bobo.fast.common.utils.R cn.bobo.fast.controller.BaseOrderController.getOrderProduct(java.lang.String)
2019-01-21 11:10:08,359 [INFO] [main] o.s.w.s.mvc.method.annotation.RequestMappingHandlerMapping [AbstractHandlerMethodMapping.java : 547] Mapped "{[/baseOrder/deleteOrder],methods=[POST]}" onto public cn.bobo.fast.common.utils.R cn.bobo.fast.controller.BaseOrderController.deleteOrder(java.lang.String[])
2019-01-21 11:10:08,366 [INFO] [main] o.s.w.s.mvc.method.annotation.RequestMappingHandlerMapping [AbstractHandlerMethodMapping.java : 547] Mapped "{[/baseProduct/queryPage],methods=[POST]}" onto public cn.bobo.fast.common.utils.R cn.bobo.fast.controller.BaseProductController.queryPage(java.lang.Integer,java.lang.Integer)
2019-01-21 11:10:08,367 [INFO] [main] o.s.w.s.mvc.method.annotation.RequestMappingHandlerMapping [AbstractHandlerMethodMapping.java : 547] Mapped "{[/baseProduct/getProductInfoById],methods=[POST]}" onto public cn.bobo.fast.common.utils.R cn.bobo.fast.controller.BaseProductController.getProductList(java.lang.String)
2019-01-21 11:10:08,368 [INFO] [main] o.s.w.s.mvc.method.annotation.RequestMappingHandlerMapping [AbstractHandlerMethodMapping.java : 547] Mapped "{[/baseProduct/deleteProduct],methods=[POST]}" onto public cn.bobo.fast.common.utils.R cn.bobo.fast.controller.BaseProductController.deleteProduct(java.lang.String[])
2019-01-21 11:10:08,369 [INFO] [main] o.s.w.s.mvc.method.annotation.RequestMappingHandlerMapping [AbstractHandlerMethodMapping.java : 547] Mapped "{[/baseProduct/addProduct],methods=[POST]}" onto public cn.bobo.fast.common.utils.R cn.bobo.fast.controller.BaseProductController.addProduct(java.lang.String,java.lang.String,java.lang.String)
2019-01-21 11:10:08,370 [INFO] [main] o.s.w.s.mvc.method.annotation.RequestMappingHandlerMapping [AbstractHandlerMethodMapping.java : 547] Mapped "{[/receive/addAllInfo],methods=[POST]}" onto public cn.bobo.fast.common.utils.R cn.bobo.fast.controller.ReceiveHandleController.addAllInfo(cn.bobo.fast.bean.PayExchange)
2019-01-21 11:10:08,378 [INFO] [main] o.s.w.s.mvc.method.annotation.RequestMappingHandlerMapping [AbstractHandlerMethodMapping.java : 547] Mapped "{[/swagger-resources]}" onto public org.springframework.http.ResponseEntity<java.util.List<springfox.documentation.swagger.web.SwaggerResource>> springfox.documentation.swagger.web.ApiResourceController.swaggerResources()
2019-01-21 11:10:08,380 [INFO] [main] o.s.w.s.mvc.method.annotation.RequestMappingHandlerMapping [AbstractHandlerMethodMapping.java : 547] Mapped "{[/swagger-resources/configuration/ui]}" onto public org.springframework.http.ResponseEntity<springfox.documentation.swagger.web.UiConfiguration> springfox.documentation.swagger.web.ApiResourceController.uiConfiguration()
2019-01-21 11:10:08,382 [INFO] [main] o.s.w.s.mvc.method.annotation.RequestMappingHandlerMapping [AbstractHandlerMethodMapping.java : 547] Mapped "{[/swagger-resources/configuration/security]}" onto public org.springframework.http.ResponseEntity<springfox.documentation.swagger.web.SecurityConfiguration> springfox.documentation.swagger.web.ApiResourceController.securityConfiguration()
2019-01-21 11:10:08,388 [INFO] [main] o.s.w.s.mvc.method.annotation.RequestMappingHandlerMapping [AbstractHandlerMethodMapping.java : 547] Mapped "{[/error]}" onto public org.springframework.http.ResponseEntity<java.util.Map<java.lang.String, java.lang.Object>> org.springframework.boot.autoconfigure.web.servlet.error.BasicErrorController.error(javax.servlet.http.HttpServletRequest)
2019-01-21 11:10:08,389 [INFO] [main] o.s.w.s.mvc.method.annotation.RequestMappingHandlerMapping [AbstractHandlerMethodMapping.java : 547] Mapped "{[/error],produces=[text/html]}" onto public org.springframework.web.servlet.ModelAndView org.springframework.boot.autoconfigure.web.servlet.error.BasicErrorController.errorHtml(javax.servlet.http.HttpServletRequest,javax.servlet.http.HttpServletResponse)
2019-01-21 11:10:08,625 [INFO] [main] s.d.spring.web.PropertySourcedRequestMappingHandlerMapping [PropertySourcedRequestMappingHandlerMapping.java : 69] Mapped URL path [/v2/api-docs] onto method [public org.springframework.http.ResponseEntity<springfox.documentation.spring.web.json.Json> springfox.documentation.swagger2.web.Swagger2Controller.getDocumentation(java.lang.String,javax.servlet.http.HttpServletRequest)]
2019-01-21 11:10:08,844 [INFO] [main] o.s.web.servlet.handler.SimpleUrlHandlerMapping [AbstractUrlHandlerMapping.java : 373] Mapped URL path [/**/favicon.ico] onto handler of type [class org.springframework.web.servlet.resource.ResourceHttpRequestHandler]
2019-01-21 11:10:09,158 [INFO] [main] o.s.w.s.mvc.method.annotation.RequestMappingHandlerAdapter [RequestMappingHandlerAdapter.java : 574] Looking for @ControllerAdvice: org.springframework.boot.web.servlet.context.AnnotationConfigServletWebServerApplicationContext@4961f6af: startup date [Mon Jan 21 11:09:58 CST 2019]; root of context hierarchy
2019-01-21 11:10:09,294 [INFO] [main] o.s.web.servlet.handler.SimpleUrlHandlerMapping [AbstractUrlHandlerMapping.java : 373] Mapped URL path [/webjars/**] onto handler of type [class org.springframework.web.servlet.resource.ResourceHttpRequestHandler]
2019-01-21 11:10:09,294 [INFO] [main] o.s.web.servlet.handler.SimpleUrlHandlerMapping [AbstractUrlHandlerMapping.java : 373] Mapped URL path [/**] onto handler of type [class org.springframework.web.servlet.resource.ResourceHttpRequestHandler]
2019-01-21 11:10:09,328 [INFO] [main] o.s.w.s.m.m.annotation.ExceptionHandlerExceptionResolver [ExceptionHandlerExceptionResolver.java : 288] Detected @ExceptionHandler methods in RRExceptionHandler
2019-01-21 11:10:09,898 [INFO] [main] org.springframework.ui.freemarker.SpringTemplateLoader [SpringTemplateLoader.java : 62] SpringTemplateLoader for FreeMarker: using resource loader [org.springframework.boot.web.servlet.context.AnnotationConfigServletWebServerApplicationContext@4961f6af: startup date [Mon Jan 21 11:09:58 CST 2019]; root of context hierarchy] and template loader path [classpath:/templates/]
2019-01-21 11:10:09,900 [INFO] [main] o.s.web.servlet.view.freemarker.FreeMarkerConfigurer [FreeMarkerConfigurer.java : 131] ClassTemplateLoader for Spring macros added to FreeMarker configuration
2019-01-21 11:10:10,205 [INFO] [main] o.s.jmx.export.annotation.AnnotationMBeanExporter [MBeanExporter.java : 433] Registering beans for JMX exposure on startup
2019-01-21 11:10:10,210 [INFO] [main] o.s.jmx.export.annotation.AnnotationMBeanExporter [MBeanExporter.java : 895] Bean with name 'statFilter' has been autodetected for JMX exposure
2019-01-21 11:10:10,211 [INFO] [main] o.s.jmx.export.annotation.AnnotationMBeanExporter [MBeanExporter.java : 895] Bean with name 'dataSource' has been autodetected for JMX exposure
2019-01-21 11:10:10,224 [INFO] [main] o.s.jmx.export.annotation.AnnotationMBeanExporter [MBeanExporter.java : 668] Located MBean 'dataSource': registering with JMX server as MBean [com.alibaba.druid.spring.boot.autoconfigure:name=dataSource,type=DruidDataSourceWrapper]
2019-01-21 11:10:10,226 [INFO] [main] o.s.jmx.export.annotation.AnnotationMBeanExporter [MBeanExporter.java : 668] Located MBean 'statFilter': registering with JMX server as MBean [com.alibaba.druid.filter.stat:name=statFilter,type=StatFilter]
2019-01-21 11:10:10,234 [INFO] [main] o.springframework.context.support.DefaultLifecycleProcessor [DefaultLifecycleProcessor.java : 351] Starting beans in phase 2147483647
2019-01-21 11:10:10,235 [INFO] [main] s.d.spring.web.plugins.DocumentationPluginsBootstrapper [DocumentationPluginsBootstrapper.java : 147] Context refreshed
2019-01-21 11:10:10,265 [INFO] [main] s.d.spring.web.plugins.DocumentationPluginsBootstrapper [DocumentationPluginsBootstrapper.java : 150] Found 1 custom documentation plugin(s)
2019-01-21 11:10:10,332 [INFO] [main] s.d.spring.web.scanners.ApiListingReferenceScanner [ApiListingReferenceScanner.java : 41] Scanning for api listing references
2019-01-21 11:10:10,585 [INFO] [main] s.d.s.web.readers.operation.CachingOperationNameGenerator [CachingOperationNameGenerator.java : 40] Generating unique operation named: userInfoUsingGET_1
2019-01-21 11:10:10,678 [INFO] [main] s.d.s.web.readers.operation.CachingOperationNameGenerator [CachingOperationNameGenerator.java : 40] Generating unique operation named: queryPageUsingPOST_1
2019-01-21 11:10:10,704 [INFO] [main] s.d.s.web.readers.operation.CachingOperationNameGenerator [CachingOperationNameGenerator.java : 40] Generating unique operation named: queryPageUsingPOST_2
2019-01-21 11:10:10,836 [INFO] [main] org.springframework.boot.web.embedded.tomcat.TomcatWebServer [TomcatWebServer.java : 206] Tomcat started on port(s): 8081 (http) with context path '/MRH-api'
2019-01-21 11:10:10,845 [INFO] [main] cn.bobo.fast.ApiApplication [StartupInfoLogger.java : 59] Started ApiApplication in 13.378 seconds (JVM running for 14.824)
2019-01-21 11:11:15,821 [INFO] [http-nio-8081-exec-1] o.a.c.core.ContainerBase.[Tomcat].[localhost].[/MRH-api] [DirectJDKLog.java : 180] Initializing Spring FrameworkServlet 'dispatcherServlet'
2019-01-21 11:11:15,821 [INFO] [http-nio-8081-exec-1] org.springframework.web.servlet.DispatcherServlet [FrameworkServlet.java : 494] FrameworkServlet 'dispatcherServlet': initialization started
2019-01-21 11:11:15,860 [INFO] [http-nio-8081-exec-1] org.springframework.web.servlet.DispatcherServlet [FrameworkServlet.java : 509] FrameworkServlet 'dispatcherServlet': initialization completed in 39 ms
